2021-09-06 18:25:55 INFO  class:62 - App Launched Successfully
2021-09-06 18:25:55 INFO  class:46 - Starting Verify_Gridview_Checkout Scenario
2021-09-06 18:25:58 INFO  class:38 - Loggedin Successfully
2021-09-06 18:26:02 INFO  class:94 - -------------------------------------
2021-09-06 18:26:02 INFO  class:95 - Details after filtering w.r.t Name (Z to A)
2021-09-06 18:26:02 INFO  class:96 - Test.allTheThings() T-Shirt (Red) $15.99
2021-09-06 18:26:02 INFO  class:97 - Sauce Labs Onesie $7.99
2021-09-06 18:26:02 INFO  class:98 - **************************************
2021-09-06 18:26:02 INFO  class:99 - 
2021-09-06 18:26:39 INFO  class:65 - Finding the Cart Status
2021-09-06 18:26:40 INFO  class:70 - Cart Status is Not Empty
2021-09-06 18:26:40 INFO  class:71 - Products count in the cart: 1
2021-09-06 18:26:41 INFO  class:88 - Navigated to the cart
2021-09-06 18:26:41 INFO  class:108 - Sauce Labs Backpack product name is same as mentioned in the product page
2021-09-06 18:26:42 INFO  class:121 - Price is same as mentioned in the product page $29.99
2021-09-06 18:26:42 INFO  class:97 - Clicked on Checkout
2021-09-06 18:26:43 INFO  class:144 - Navigated to Checkout Information Page
2021-09-06 18:26:47 INFO  class:149 - Entered the checkout details
2021-09-06 18:26:48 INFO  class:108 - Sauce Labs Backpack product name is same as mentioned in the product page
2021-09-06 18:26:48 INFO  class:121 - Price is same as mentioned in the product page $29.99
2021-09-06 18:26:48 INFO  class:161 - Navigated to Checkout Overview Page
2021-09-06 18:26:54 INFO  class:177 - Your order has been dispatched, and will arrive just as fast as the pony can get there!
2021-09-06 18:26:55 INFO  class:28 - Clicked on Menu icon
2021-09-06 18:26:59 INFO  class:220 - Logged out successfully
2021-09-06 18:26:59 INFO  class:98 - End of Verify_Gridview_Checkout Scenario
2021-09-06 18:26:59 INFO  class:108 - Driver Quit
2021-09-06 18:27:13 INFO  class:62 - App Launched Successfully
2021-09-06 18:27:13 INFO  class:39 - Starting listview_MultipleProducts_Checkout Scenario
2021-09-06 18:27:19 INFO  class:57 - Loggedin Successfully
2021-09-06 18:27:19 INFO  class:234 - Clicked on List-Grid View Toggle button
2021-09-06 18:27:22 INFO  class:47 - Product Added Successfully
2021-09-06 18:27:23 INFO  class:47 - Product Added Successfully
2021-09-06 18:27:23 INFO  class:65 - Finding the Cart Status
2021-09-06 18:27:24 INFO  class:70 - Cart Status is Not Empty
2021-09-06 18:27:24 INFO  class:71 - Products count in the cart: 2
2021-09-06 18:27:24 INFO  class:88 - Navigated to the cart
2021-09-06 18:27:25 INFO  class:108 - Sauce Labs Backpack product name is same as mentioned in the product page
2021-09-06 18:27:26 INFO  class:121 - Price is same as mentioned in the product page $29.99
2021-09-06 18:27:26 INFO  class:108 - Sauce Labs Bolt T-Shirt product name is same as mentioned in the product page
2021-09-06 18:27:26 INFO  class:121 - Price is same as mentioned in the product page $15.99
2021-09-06 18:27:32 INFO  class:144 - Navigated to Checkout Information Page
2021-09-06 18:27:35 INFO  class:149 - Entered the checkout details
2021-09-06 18:27:36 INFO  class:161 - Navigated to Checkout Overview Page
2021-09-06 18:27:56 INFO  class:177 - Your order has been dispatched, and will arrive just as fast as the pony can get there!
2021-09-06 18:27:57 INFO  class:28 - Clicked on Menu icon
2021-09-06 18:28:01 INFO  class:220 - Logged out successfully
2021-09-06 18:28:01 INFO  class:96 - End of Verify_Listview_Multiple_Products_Checkout
2021-09-06 18:28:01 INFO  class:104 - Driver Quit
2021-09-06 18:28:14 INFO  class:62 - App Launched Successfully
2021-09-06 18:28:14 INFO  class:42 - Starting Checkout Scenario
2021-09-06 18:28:21 INFO  class:57 - Loggedin Successfully
2021-09-06 18:28:21 INFO  class:234 - Clicked on List-Grid View Toggle button
2021-09-06 18:28:24 INFO  class:47 - Product Added Successfully
2021-09-06 18:28:25 INFO  class:47 - Product Added Successfully
2021-09-06 18:28:25 INFO  class:65 - Finding the Cart Status
2021-09-06 18:28:26 INFO  class:70 - Cart Status is Not Empty
2021-09-06 18:28:26 INFO  class:71 - Products count in the cart: 2
2021-09-06 18:28:26 INFO  class:88 - Navigated to the cart
2021-09-06 18:28:26 INFO  class:108 - Sauce Labs Backpack product name is same as mentioned in the product page
2021-09-06 18:28:27 INFO  class:121 - Price is same as mentioned in the product page $29.99
2021-09-06 18:28:27 INFO  class:108 - Sauce Labs Bolt T-Shirt product name is same as mentioned in the product page
2021-09-06 18:28:27 INFO  class:121 - Price is same as mentioned in the product page $15.99
2021-09-06 18:28:28 INFO  class:214 - Product removed successfully from the cart
2021-09-06 18:28:29 INFO  class:108 - Sauce Labs Bolt T-Shirt product name is same as mentioned in the product page
2021-09-06 18:28:29 INFO  class:121 - Price is same as mentioned in the product page $15.99
2021-09-06 18:28:34 INFO  class:144 - Navigated to Checkout Information Page
2021-09-06 18:28:37 INFO  class:149 - Entered the checkout details
2021-09-06 18:28:38 INFO  class:108 - Sauce Labs Bolt T-Shirt product name is same as mentioned in the product page
2021-09-06 18:28:38 INFO  class:121 - Price is same as mentioned in the product page $15.99
2021-09-06 18:28:38 INFO  class:161 - Navigated to Checkout Overview Page
2021-09-06 18:28:44 INFO  class:177 - Your order has been dispatched, and will arrive just as fast as the pony can get there!
2021-09-06 18:28:45 INFO  class:28 - Clicked on Menu icon
2021-09-06 18:28:49 INFO  class:220 - Logged out successfully
2021-09-06 18:28:49 INFO  class:112 - End of Verify_Listview_Add_Remove_Checkout
2021-09-06 18:28:49 INFO  class:122 - Driver Quit
2021-09-06 18:29:02 INFO  class:62 - App Launched Successfully
2021-09-06 18:29:05 INFO  class:38 - Loggedin Successfully
2021-09-06 18:29:05 INFO  class:44 - Logging in with Problem_User credentials
2021-09-06 18:29:16 INFO  class:53 - Bug: Could not add the product Sauce Labs Bike Light
2021-09-06 18:29:20 INFO  class:197 - Bug: Sauce Labs Bike Light- Product Name is not same in Home page and Detail Page
2021-09-06 18:29:24 INFO  class:47 - Product Added Successfully
2021-09-06 18:29:24 INFO  class:65 - Finding the Cart Status
2021-09-06 18:29:24 INFO  class:70 - Cart Status is Not Empty
2021-09-06 18:29:24 INFO  class:71 - Products count in the cart: 1
2021-09-06 18:29:24 INFO  class:88 - Navigated to the cart
2021-09-06 18:29:26 INFO  class:97 - Clicked on Checkout
2021-09-06 18:29:27 INFO  class:144 - Navigated to Checkout Information Page
2021-09-06 18:29:30 INFO  class:149 - Entered the checkout details
2021-09-06 18:29:31 INFO  class:161 - Navigated to Checkout Overview Page
2021-09-06 18:29:32 INFO  class:236 - Bug-Product price and Item value is not same
2021-09-06 18:29:32 INFO  class:100 - Driver Quit
