2021-09-06 16:51:11 INFO  class:62 - App Launched Successfully
2021-09-06 16:51:11 INFO  class:46 - Starting Verify_Gridview_Checkout Scenario
2021-09-06 16:51:15 INFO  class:38 - Loggedin Successfully
2021-09-06 16:51:18 INFO  class:93 - -------------------------------------
2021-09-06 16:51:18 INFO  class:94 - Details after filtering w.r.t Name (Z to A)
2021-09-06 16:51:18 INFO  class:95 - Test.allTheThings() T-Shirt (Red) $15.99
2021-09-06 16:51:18 INFO  class:96 - Sauce Labs Onesie $7.99
2021-09-06 16:51:18 INFO  class:97 - **************************************
2021-09-06 16:51:18 INFO  class:98 - 
2021-09-06 16:51:56 INFO  class:65 - Finding the Cart Status
2021-09-06 16:51:58 INFO  class:70 - Cart Status is Not Empty
2021-09-06 16:51:58 INFO  class:71 - Products count in the cart: 1
2021-09-06 16:51:58 INFO  class:88 - Navigated to the cart
2021-09-06 16:51:58 INFO  class:108 - Sauce Labs Backpack product name is same as mentioned in the product page
2021-09-06 16:51:59 INFO  class:121 - Price is same as mentioned in the product page $29.99
2021-09-06 16:52:00 INFO  class:97 - Clicked on Checkout
2021-09-06 16:52:02 INFO  class:144 - Navigated to Checkout Information Page
2021-09-06 16:52:05 INFO  class:149 - Entered the checkout details
2021-09-06 16:52:06 INFO  class:108 - Sauce Labs Backpack product name is same as mentioned in the product page
2021-09-06 16:52:06 INFO  class:121 - Price is same as mentioned in the product page $29.99
2021-09-06 16:52:07 INFO  class:161 - Navigated to Checkout Overview Page
2021-09-06 16:52:12 INFO  class:177 - Your order has been dispatched, and will arrive just as fast as the pony can get there!
2021-09-06 16:52:14 INFO  class:27 - Clicked on Menu icon
2021-09-06 16:52:18 INFO  class:219 - Logged out successfully
2021-09-06 16:52:18 INFO  class:98 - End of Verify_Gridview_Checkout Scenario
2021-09-06 16:52:18 INFO  class:108 - Driver Quit
2021-09-06 16:52:37 INFO  class:62 - App Launched Successfully
2021-09-06 16:52:37 INFO  class:39 - Starting listview_MultipleProducts_Checkout Scenario
2021-09-06 16:52:43 INFO  class:57 - Loggedin Successfully
2021-09-06 16:52:44 INFO  class:233 - Clicked on List-Grid View Toggle button
2021-09-06 16:52:47 INFO  class:47 - Product Added Successfully
2021-09-06 16:52:48 INFO  class:47 - Product Added Successfully
2021-09-06 16:52:48 INFO  class:65 - Finding the Cart Status
2021-09-06 16:52:48 INFO  class:70 - Cart Status is Not Empty
2021-09-06 16:52:48 INFO  class:71 - Products count in the cart: 2
2021-09-06 16:52:49 INFO  class:88 - Navigated to the cart
2021-09-06 16:52:49 INFO  class:108 - Sauce Labs Backpack product name is same as mentioned in the product page
2021-09-06 16:52:50 INFO  class:121 - Price is same as mentioned in the product page $29.99
2021-09-06 16:52:51 INFO  class:108 - Sauce Labs Bolt T-Shirt product name is same as mentioned in the product page
2021-09-06 16:52:51 INFO  class:121 - Price is same as mentioned in the product page $15.99
2021-09-06 16:52:57 INFO  class:144 - Navigated to Checkout Information Page
2021-09-06 16:53:00 INFO  class:149 - Entered the checkout details
2021-09-06 16:53:01 INFO  class:161 - Navigated to Checkout Overview Page
2021-09-06 16:53:21 INFO  class:177 - Your order has been dispatched, and will arrive just as fast as the pony can get there!
2021-09-06 16:53:22 INFO  class:27 - Clicked on Menu icon
2021-09-06 16:53:26 INFO  class:219 - Logged out successfully
2021-09-06 16:53:26 INFO  class:96 - End of Verify_Listview_Multiple_Products_Checkout
2021-09-06 16:53:26 INFO  class:104 - Driver Quit
2021-09-06 16:53:40 INFO  class:62 - App Launched Successfully
2021-09-06 16:53:40 INFO  class:42 - Starting Checkout Scenario
2021-09-06 16:53:46 INFO  class:57 - Loggedin Successfully
2021-09-06 16:53:46 INFO  class:233 - Clicked on List-Grid View Toggle button
2021-09-06 16:53:49 INFO  class:47 - Product Added Successfully
2021-09-06 16:53:50 INFO  class:47 - Product Added Successfully
2021-09-06 16:53:50 INFO  class:65 - Finding the Cart Status
2021-09-06 16:53:50 INFO  class:70 - Cart Status is Not Empty
2021-09-06 16:53:50 INFO  class:71 - Products count in the cart: 2
2021-09-06 16:53:50 INFO  class:88 - Navigated to the cart
2021-09-06 16:53:52 INFO  class:121 - Price is same as mentioned in the product page $29.99
2021-09-06 16:53:52 INFO  class:108 - Sauce Labs Bolt T-Shirt product name is same as mentioned in the product page
2021-09-06 16:53:52 INFO  class:121 - Price is same as mentioned in the product page $15.99
2021-09-06 16:53:53 INFO  class:214 - Product removed successfully from the cart
2021-09-06 16:53:54 INFO  class:108 - Sauce Labs Bolt T-Shirt product name is same as mentioned in the product page
2021-09-06 16:53:54 INFO  class:121 - Price is same as mentioned in the product page $15.99
2021-09-06 16:54:01 INFO  class:144 - Navigated to Checkout Information Page
2021-09-06 16:54:05 INFO  class:149 - Entered the checkout details
2021-09-06 16:54:07 INFO  class:108 - Sauce Labs Bolt T-Shirt product name is same as mentioned in the product page
2021-09-06 16:54:07 INFO  class:121 - Price is same as mentioned in the product page $15.99
2021-09-06 16:54:07 INFO  class:161 - Navigated to Checkout Overview Page
2021-09-06 16:54:13 INFO  class:177 - Your order has been dispatched, and will arrive just as fast as the pony can get there!
2021-09-06 16:54:15 INFO  class:27 - Clicked on Menu icon
2021-09-06 16:54:18 INFO  class:219 - Logged out successfully
2021-09-06 16:54:18 INFO  class:112 - End of Verify_Listview_Add_Remove_Checkout
2021-09-06 16:54:18 INFO  class:122 - Driver Quit
2021-09-06 16:54:32 INFO  class:62 - App Launched Successfully
2021-09-06 16:54:36 INFO  class:38 - Loggedin Successfully
2021-09-06 16:54:36 INFO  class:44 - Logging in with Problem_User credentials
2021-09-06 16:54:47 INFO  class:53 - Bug: Could not add the product Sauce Labs Bike Light
2021-09-06 16:54:51 INFO  class:197 - Bug: Sauce Labs Bike Light- Product Name is not same in Home page and Detail Page
2021-09-06 16:54:55 INFO  class:47 - Product Added Successfully
2021-09-06 16:54:55 INFO  class:65 - Finding the Cart Status
2021-09-06 16:54:55 INFO  class:70 - Cart Status is Not Empty
2021-09-06 16:54:55 INFO  class:71 - Products count in the cart: 1
2021-09-06 16:54:56 INFO  class:88 - Navigated to the cart
2021-09-06 16:54:57 INFO  class:97 - Clicked on Checkout
2021-09-06 16:54:59 INFO  class:144 - Navigated to Checkout Information Page
2021-09-06 16:55:03 INFO  class:149 - Entered the checkout details
2021-09-06 16:55:04 INFO  class:161 - Navigated to Checkout Overview Page
2021-09-06 16:55:04 INFO  class:236 - Bug-Product price and Item value is not same
2021-09-06 16:55:05 INFO  class:100 - Driver Quit
